<?xml version="1.0" encoding="UTF-8"?>
<robot generator="Robot 5.0.1 (Python 3.10.7 on win32)" generated="20221012 12:40:00.116" rpa="false" schemaversion="3">
<suite id="s1" name="Verify Valid Credential Suite" source="d:\Mine\Company\Ericsson 5\openemr_framework\login_suite\verify_valid_credential_suite.robot">
<test id="s1-t1" name="TC4" line="24">
<kw name="Launch Browser and Navigate To Openemr" library="CommonFunctionality" type="SETUP">
<kw name="Open Browser" library="SeleniumLibrary">
<arg>browser=chrome</arg>
<arg>executable_path=D:${/}Software${/}chromedriver.exe</arg>
<doc>Opens a new browser instance to the optional ``url``.</doc>
<msg timestamp="20221012 12:40:00.855" level="INFO">Opening browser 'chrome' to base url 'None'.</msg>
<status status="PASS" starttime="20221012 12:40:00.854" endtime="20221012 12:40:03.413"/>
</kw>
<kw name="Maximize Browser Window" library="SeleniumLibrary">
<doc>Maximizes current browser window.</doc>
<status status="PASS" starttime="20221012 12:40:03.414" endtime="20221012 12:40:03.672"/>
</kw>
<kw name="Set Selenium Implicit Wait" library="SeleniumLibrary">
<arg>20s</arg>
<doc>Sets the implicit wait value used by Selenium.</doc>
<status status="PASS" starttime="20221012 12:40:03.673" endtime="20221012 12:40:03.689"/>
</kw>
<kw name="Go To" library="SeleniumLibrary">
<arg>url=https://demo.openemr.io/b/openemr</arg>
<doc>Navigates the current browser window to the provided ``url``.</doc>
<msg timestamp="20221012 12:40:03.692" level="INFO">Opening url 'https://demo.openemr.io/b/openemr'</msg>
<status status="PASS" starttime="20221012 12:40:03.690" endtime="20221012 12:40:06.979"/>
</kw>
<status status="PASS" starttime="20221012 12:40:00.852" endtime="20221012 12:40:06.981"/>
</kw>
<kw name="Verify Valid Credential Template">
<arg>admin</arg>
<arg>pass</arg>
<arg>Dutch</arg>
<arg>OpenEMR</arg>
<kw name="Input Text" library="SeleniumLibrary">
<arg>id=authUser</arg>
<arg>${username}</arg>
<doc>Types the given ``text`` into the text field identified by ``locator``.</doc>
<msg timestamp="20221012 12:40:06.988" level="INFO">Typing text 'admin' into text field 'id=authUser'.</msg>
<status status="PASS" starttime="20221012 12:40:06.987" endtime="20221012 12:40:07.178"/>
</kw>
<kw name="Input Password" library="SeleniumLibrary">
<arg>css=#clearPass</arg>
<arg>${password}</arg>
<doc>Types the given password into the text field identified by ``locator``.</doc>
<msg timestamp="20221012 12:40:07.179" level="INFO">Typing password into text field 'css=#clearPass'.</msg>
<msg timestamp="20221012 12:40:07.255" level="INFO">Temporally setting log level to: NONE</msg>
<msg timestamp="20221012 12:40:07.314" level="INFO">Log level changed from NONE to INFO.</msg>
<status status="PASS" starttime="20221012 12:40:07.178" endtime="20221012 12:40:07.315"/>
</kw>
<kw name="Select From List By Label" library="SeleniumLibrary">
<arg>name=languageChoice</arg>
<arg>${language}</arg>
<doc>Selects options from selection list ``locator`` by ``labels``.</doc>
<msg timestamp="20221012 12:40:07.317" level="INFO">Selecting options from selection list 'name=languageChoice' by label Dutch.</msg>
<status status="PASS" starttime="20221012 12:40:07.316" endtime="20221012 12:40:07.479"/>
</kw>
<kw name="Click Element" library="SeleniumLibrary">
<arg>id=login-button</arg>
<doc>Click the element identified by ``locator``.</doc>
<msg timestamp="20221012 12:40:07.481" level="INFO">Clicking element 'id=login-button'.</msg>
<status status="PASS" starttime="20221012 12:40:07.479" endtime="20221012 12:40:12.845"/>
</kw>
<kw name="Title Should Be" library="SeleniumLibrary">
<arg>${expected_title}</arg>
<doc>Verifies that the current page title equals ``title``.</doc>
<msg timestamp="20221012 12:40:12.862" level="INFO">Page title is 'OpenEMR'.</msg>
<status status="PASS" starttime="20221012 12:40:12.846" endtime="20221012 12:40:12.863"/>
</kw>
<status status="PASS" starttime="20221012 12:40:06.985" endtime="20221012 12:40:12.863"/>
</kw>
<kw name="Close Browser" library="SeleniumLibrary" type="TEARDOWN">
<doc>Closes the current browser.</doc>
<status status="PASS" starttime="20221012 12:40:12.865" endtime="20221012 12:40:15.589"/>
</kw>
<status status="PASS" starttime="20221012 12:40:00.850" endtime="20221012 12:40:15.590"/>
</test>
<doc>This suite file handles test cases related to valid
credentials connected with OP_SC_02 and OP_TC_02</doc>
<status status="PASS" starttime="20221012 12:40:00.124" endtime="20221012 12:40:15.592"/>
</suite>
<statistics>
<total>
<stat pass="1" fail="0" skip="0">All Tests</stat>
</total>
<tag>
</tag>
<suite>
<stat pass="1" fail="0" skip="0" id="s1" name="Verify Valid Credential Suite">Verify Valid Credential Suite</stat>
</suite>
</statistics>
<errors>
</errors>
</robot>
