<?xml version="1.0" encoding="UTF-8"?>
<robot generator="Robot 5.0.1 (Python 3.10.7 on win32)" generated="20221012 10:14:47.700" rpa="false" schemaversion="3">
<suite id="s1" name="Verify Valid Credential Suite" source="d:\Mine\Company\Ericsson 5\openemr_framework\login_suite\verify_valid_credential_suite.robot">
<test id="s1-t1" name="Verify valid credential test" line="9">
<kw name="Open Browser" library="SeleniumLibrary">
<arg>browser=chrome</arg>
<arg>executable_path=D:${/}Software${/}chromedriver.exe</arg>
<doc>Opens a new browser instance to the optional ``url``.</doc>
<msg timestamp="20221012 10:14:48.599" level="INFO">Opening browser 'chrome' to base url 'None'.</msg>
<status status="PASS" starttime="20221012 10:14:48.596" endtime="20221012 10:14:51.544"/>
</kw>
<kw name="Maximize Browser Window" library="SeleniumLibrary">
<doc>Maximizes current browser window.</doc>
<status status="PASS" starttime="20221012 10:14:51.548" endtime="20221012 10:14:51.908"/>
</kw>
<kw name="Set Selenium Implicit Wait" library="SeleniumLibrary">
<arg>20s</arg>
<doc>Sets the implicit wait value used by Selenium.</doc>
<status status="PASS" starttime="20221012 10:14:51.909" endtime="20221012 10:14:51.914"/>
</kw>
<kw name="Go To" library="SeleniumLibrary">
<arg>url=https://demo.openemr.io/b/openemr</arg>
<doc>Navigates the current browser window to the provided ``url``.</doc>
<msg timestamp="20221012 10:14:51.917" level="INFO">Opening url 'https://demo.openemr.io/b/openemr'</msg>
<status status="PASS" starttime="20221012 10:14:51.915" endtime="20221012 10:14:59.160"/>
</kw>
<kw name="Input Text" library="SeleniumLibrary">
<arg>id=authUser</arg>
<arg>admin</arg>
<doc>Types the given ``text`` into the text field identified by ``locator``.</doc>
<msg timestamp="20221012 10:14:59.162" level="INFO">Typing text 'admin' into text field 'id=authUser'.</msg>
<status status="PASS" starttime="20221012 10:14:59.161" endtime="20221012 10:14:59.357"/>
</kw>
<kw name="Input Password" library="SeleniumLibrary">
<arg>css=#clearPass</arg>
<arg>pass</arg>
<doc>Types the given password into the text field identified by ``locator``.</doc>
<msg timestamp="20221012 10:14:59.358" level="INFO">Typing password into text field 'css=#clearPass'.</msg>
<msg timestamp="20221012 10:14:59.511" level="INFO">Temporally setting log level to: NONE</msg>
<msg timestamp="20221012 10:14:59.579" level="INFO">Log level changed from NONE to INFO.</msg>
<status status="PASS" starttime="20221012 10:14:59.357" endtime="20221012 10:14:59.579"/>
</kw>
<kw name="Select From List By Value" library="SeleniumLibrary">
<arg>name=languageChoice</arg>
<arg>18</arg>
<doc>Selects options from selection list ``locator`` by ``values``.</doc>
<msg timestamp="20221012 10:14:59.580" level="INFO">Selecting options from selection list 'name=languageChoice' by value 18.</msg>
<status status="PASS" starttime="20221012 10:14:59.580" endtime="20221012 10:14:59.775"/>
</kw>
<kw name="Click Element" library="SeleniumLibrary">
<arg>id=login-button</arg>
<doc>Click the element identified by ``locator``.</doc>
<msg timestamp="20221012 10:14:59.777" level="INFO">Clicking element 'id=login-button'.</msg>
<status status="PASS" starttime="20221012 10:14:59.776" endtime="20221012 10:15:05.675"/>
</kw>
<kw name="Title Should Be" library="SeleniumLibrary">
<arg>OpenEMR</arg>
<doc>Verifies that the current page title equals ``title``.</doc>
<msg timestamp="20221012 10:15:05.697" level="INFO">Page title is 'OpenEMR'.</msg>
<status status="PASS" starttime="20221012 10:15:05.679" endtime="20221012 10:15:05.698"/>
</kw>
<status status="PASS" starttime="20221012 10:14:48.594" endtime="20221012 10:15:05.699"/>
</test>
<doc>This suite file handles test cases related to valid
credentials connected with OP_SC_02 and OP_TC_02</doc>
<status status="PASS" starttime="20221012 10:14:47.711" endtime="20221012 10:15:05.703"/>
</suite>
<statistics>
<total>
<stat pass="1" fail="0" skip="0">All Tests</stat>
</total>
<tag>
</tag>
<suite>
<stat pass="1" fail="0" skip="0" id="s1" name="Verify Valid Credential Suite">Verify Valid Credential Suite</stat>
</suite>
</statistics>
<errors>
</errors>
</robot>
