<?xml version="1.0" encoding="UTF-8"?>
<robot generator="Robot 5.0.1 (Python 3.10.7 on win32)" generated="20221012 11:11:17.851" rpa="false" schemaversion="3">
<suite id="s1" name="Verify Valid Credential Suite" source="d:\Mine\Company\Ericsson 5\openemr_framework\login_suite\verify_valid_credential_suite.robot">
<test id="s1-t1" name="Verify valid credential test" line="11">
<kw name="Launch Browser and Navigate To Openemr" library="CommonFunctionality">
<kw name="Open Browser" library="SeleniumLibrary">
<arg>browser=chrome</arg>
<arg>executable_path=D:${/}Software${/}chromedriver.exe</arg>
<doc>Opens a new browser instance to the optional ``url``.</doc>
<msg timestamp="20221012 11:11:18.340" level="INFO">Opening browser 'chrome' to base url 'None'.</msg>
<status status="PASS" starttime="20221012 11:11:18.339" endtime="20221012 11:11:20.406"/>
</kw>
<kw name="Maximize Browser Window" library="SeleniumLibrary">
<doc>Maximizes current browser window.</doc>
<status status="PASS" starttime="20221012 11:11:20.407" endtime="20221012 11:11:20.786"/>
</kw>
<kw name="Set Selenium Implicit Wait" library="SeleniumLibrary">
<arg>20s</arg>
<doc>Sets the implicit wait value used by Selenium.</doc>
<status status="PASS" starttime="20221012 11:11:20.787" endtime="20221012 11:11:20.812"/>
</kw>
<kw name="Go To" library="SeleniumLibrary">
<arg>url=https://demo.openemr.io/b/openemr</arg>
<doc>Navigates the current browser window to the provided ``url``.</doc>
<msg timestamp="20221012 11:11:20.813" level="INFO">Opening url 'https://demo.openemr.io/b/openemr'</msg>
<status status="PASS" starttime="20221012 11:11:20.812" endtime="20221012 11:11:24.593"/>
</kw>
<status status="PASS" starttime="20221012 11:11:18.339" endtime="20221012 11:11:24.594"/>
</kw>
<kw name="Input Text" library="SeleniumLibrary">
<arg>id=authUser</arg>
<arg>admin</arg>
<doc>Types the given ``text`` into the text field identified by ``locator``.</doc>
<msg timestamp="20221012 11:11:24.596" level="INFO">Typing text 'admin' into text field 'id=authUser'.</msg>
<status status="PASS" starttime="20221012 11:11:24.595" endtime="20221012 11:11:24.827"/>
</kw>
<kw name="Input Password" library="SeleniumLibrary">
<arg>css=#clearPass</arg>
<arg>pass</arg>
<doc>Types the given password into the text field identified by ``locator``.</doc>
<msg timestamp="20221012 11:11:24.828" level="INFO">Typing password into text field 'css=#clearPass'.</msg>
<msg timestamp="20221012 11:11:24.879" level="INFO">Temporally setting log level to: NONE</msg>
<msg timestamp="20221012 11:11:24.942" level="INFO">Log level changed from NONE to INFO.</msg>
<status status="PASS" starttime="20221012 11:11:24.828" endtime="20221012 11:11:24.942"/>
</kw>
<kw name="Select From List By Label" library="SeleniumLibrary">
<arg>name=languageChoice</arg>
<arg>English (Indian)</arg>
<doc>Selects options from selection list ``locator`` by ``labels``.</doc>
<msg timestamp="20221012 11:11:24.944" level="INFO">Selecting options from selection list 'name=languageChoice' by label English (Indian).</msg>
<status status="PASS" starttime="20221012 11:11:24.943" endtime="20221012 11:11:25.149"/>
</kw>
<kw name="Click Element" library="SeleniumLibrary">
<arg>id=login-button</arg>
<doc>Click the element identified by ``locator``.</doc>
<msg timestamp="20221012 11:11:25.151" level="INFO">Clicking element 'id=login-button'.</msg>
<status status="PASS" starttime="20221012 11:11:25.150" endtime="20221012 11:11:30.150"/>
</kw>
<kw name="Element Should Be Visible" library="SeleniumLibrary">
<arg>xpath=//div[text()='Calendar']</arg>
<doc>Verifies that the element identified by ``locator`` is visible.</doc>
<msg timestamp="20221012 11:11:30.199" level="INFO">Element 'xpath=//div[text()='Calendar']' is displayed.</msg>
<status status="PASS" starttime="20221012 11:11:30.151" endtime="20221012 11:11:30.200"/>
</kw>
<kw name="Title Should Be" library="SeleniumLibrary">
<arg>OpenEMR</arg>
<doc>Verifies that the current page title equals ``title``.</doc>
<msg timestamp="20221012 11:11:30.220" level="INFO">Page title is 'OpenEMR'.</msg>
<status status="PASS" starttime="20221012 11:11:30.202" endtime="20221012 11:11:30.220"/>
</kw>
<kw name="Close Browser" library="SeleniumLibrary" type="TEARDOWN">
<doc>Closes the current browser.</doc>
<status status="PASS" starttime="20221012 11:11:30.226" endtime="20221012 11:11:34.010"/>
</kw>
<status status="PASS" starttime="20221012 11:11:18.338" endtime="20221012 11:11:34.015"/>
</test>
<doc>This suite file handles test cases related to valid
credentials connected with OP_SC_02 and OP_TC_02</doc>
<status status="PASS" starttime="20221012 11:11:17.869" endtime="20221012 11:11:34.028"/>
</suite>
<statistics>
<total>
<stat pass="1" fail="0" skip="0">All Tests</stat>
</total>
<tag>
</tag>
<suite>
<stat pass="1" fail="0" skip="0" id="s1" name="Verify Valid Credential Suite">Verify Valid Credential Suite</stat>
</suite>
</statistics>
<errors>
</errors>
</robot>
