<?xml version="1.0" encoding="UTF-8"?>
<robot generator="Robot 5.0.1 (Python 3.10.7 on win32)" generated="20221012 14:47:56.932" rpa="false" schemaversion="3">
<suite id="s1" name="Verify Valid Credential Suite" source="d:\Mine\Company\Ericsson 5\openemr_framework\login_suite\verify_valid_credential_suite.robot">
<test id="s1-t1" name="Verify Valid Credential Test TC1" line="16">
<kw name="Launch Browser and Navigate To Openemr" library="CommonFunctionality" type="SETUP">
<kw name="Open Browser" library="SeleniumLibrary">
<arg>browser=chrome</arg>
<arg>executable_path=D:${/}Software${/}chromedriver.exe</arg>
<doc>Opens a new browser instance to the optional ``url``.</doc>
<msg timestamp="20221012 14:48:00.186" level="INFO">Opening browser 'chrome' to base url 'None'.</msg>
<status status="PASS" starttime="20221012 14:48:00.183" endtime="20221012 14:48:02.166"/>
</kw>
<kw name="Maximize Browser Window" library="SeleniumLibrary">
<doc>Maximizes current browser window.</doc>
<status status="PASS" starttime="20221012 14:48:02.171" endtime="20221012 14:48:02.458"/>
</kw>
<kw name="Set Selenium Implicit Wait" library="SeleniumLibrary">
<arg>0s</arg>
<doc>Sets the implicit wait value used by Selenium.</doc>
<status status="PASS" starttime="20221012 14:48:02.464" endtime="20221012 14:48:02.488"/>
</kw>
<kw name="Go To" library="SeleniumLibrary">
<arg>url=https://demo.openemr.io/b/openemr</arg>
<doc>Navigates the current browser window to the provided ``url``.</doc>
<msg timestamp="20221012 14:48:02.501" level="INFO">Opening url 'https://demo.openemr.io/b/openemr'</msg>
<status status="PASS" starttime="20221012 14:48:02.495" endtime="20221012 14:48:03.984"/>
</kw>
<status status="PASS" starttime="20221012 14:48:00.181" endtime="20221012 14:48:03.986"/>
</kw>
<kw name="Verify Valid Credential Template">
<arg>accountant</arg>
<arg>accountant123</arg>
<arg>English (Indian)</arg>
<arg>OpenEMR</arg>
<kw name="Input Text" library="SeleniumLibrary">
<arg>id=authUser</arg>
<arg>${username}</arg>
<doc>Types the given ``text`` into the text field identified by ``locator``.</doc>
<msg timestamp="20221012 14:48:12.122" level="INFO">Typing text 'accountant' into text field 'id=authUser'.</msg>
<msg timestamp="20221012 14:48:12.690" level="INFO" html="true">&lt;/td&gt;&lt;/tr&gt;&lt;tr&gt;&lt;td colspan="3"&gt;&lt;a href="selenium-screenshot-9.png"&gt;&lt;img src="selenium-screenshot-9.png" width="800px"&gt;&lt;/a&gt;</msg>
<msg timestamp="20221012 14:48:12.697" level="FAIL">Element with locator 'id=authUser' not found.</msg>
<status status="FAIL" starttime="20221012 14:48:03.997" endtime="20221012 14:48:14.671"/>
</kw>
<kw name="Input Password" library="SeleniumLibrary">
<arg>css=#clearPass</arg>
<arg>${password}</arg>
<doc>Types the given password into the text field identified by ``locator``.</doc>
<status status="NOT RUN" starttime="20221012 14:48:14.676" endtime="20221012 14:48:14.677"/>
</kw>
<kw name="Select From List By Label" library="SeleniumLibrary">
<arg>name=languageChoice</arg>
<arg>${language}</arg>
<doc>Selects options from selection list ``locator`` by ``labels``.</doc>
<status status="NOT RUN" starttime="20221012 14:48:14.678" endtime="20221012 14:48:14.684"/>
</kw>
<kw name="Click Element" library="SeleniumLibrary">
<arg>id=login-button</arg>
<doc>Click the element identified by ``locator``.</doc>
<status status="NOT RUN" starttime="20221012 14:48:14.687" endtime="20221012 14:48:14.690"/>
</kw>
<kw name="Title Should Be" library="SeleniumLibrary">
<arg>${expected_title}</arg>
<doc>Verifies that the current page title equals ``title``.</doc>
<status status="NOT RUN" starttime="20221012 14:48:14.691" endtime="20221012 14:48:14.692"/>
</kw>
<status status="FAIL" starttime="20221012 14:48:03.991" endtime="20221012 14:48:14.704"/>
</kw>
<kw name="Close Browser" library="SeleniumLibrary" type="TEARDOWN">
<doc>Closes the current browser.</doc>
<status status="PASS" starttime="20221012 14:48:14.758" endtime="20221012 14:48:17.597"/>
</kw>
<status status="FAIL" starttime="20221012 14:48:00.167" endtime="20221012 14:48:17.609">Element with locator 'id=authUser' not found.</status>
</test>
<test id="s1-t2" name="Verify Valid Credential Test TC2" line="16">
<kw name="Launch Browser and Navigate To Openemr" library="CommonFunctionality" type="SETUP">
<kw name="Open Browser" library="SeleniumLibrary">
<arg>browser=chrome</arg>
<arg>executable_path=D:${/}Software${/}chromedriver.exe</arg>
<doc>Opens a new browser instance to the optional ``url``.</doc>
<msg timestamp="20221012 14:48:17.655" level="INFO">Opening browser 'chrome' to base url 'None'.</msg>
<status status="PASS" starttime="20221012 14:48:17.652" endtime="20221012 14:48:19.208"/>
</kw>
<kw name="Maximize Browser Window" library="SeleniumLibrary">
<doc>Maximizes current browser window.</doc>
<status status="PASS" starttime="20221012 14:48:19.210" endtime="20221012 14:48:19.526"/>
</kw>
<kw name="Set Selenium Implicit Wait" library="SeleniumLibrary">
<arg>0s</arg>
<doc>Sets the implicit wait value used by Selenium.</doc>
<status status="PASS" starttime="20221012 14:48:19.527" endtime="20221012 14:48:19.535"/>
</kw>
<kw name="Go To" library="SeleniumLibrary">
<arg>url=https://demo.openemr.io/b/openemr</arg>
<doc>Navigates the current browser window to the provided ``url``.</doc>
<msg timestamp="20221012 14:48:19.540" level="INFO">Opening url 'https://demo.openemr.io/b/openemr'</msg>
<status status="PASS" starttime="20221012 14:48:19.537" endtime="20221012 14:48:20.984"/>
</kw>
<status status="PASS" starttime="20221012 14:48:17.650" endtime="20221012 14:48:20.986"/>
</kw>
<kw name="Verify Valid Credential Template">
<arg>admin</arg>
<arg>pass</arg>
<arg>English (Indian)</arg>
<arg>OpenEMR</arg>
<kw name="Input Text" library="SeleniumLibrary">
<arg>id=authUser</arg>
<arg>${username}</arg>
<doc>Types the given ``text`` into the text field identified by ``locator``.</doc>
<msg timestamp="20221012 14:48:27.772" level="INFO">Typing text 'admin' into text field 'id=authUser'.</msg>
<msg timestamp="20221012 14:48:28.367" level="INFO" html="true">&lt;/td&gt;&lt;/tr&gt;&lt;tr&gt;&lt;td colspan="3"&gt;&lt;a href="selenium-screenshot-10.png"&gt;&lt;img src="selenium-screenshot-10.png" width="800px"&gt;&lt;/a&gt;</msg>
<msg timestamp="20221012 14:48:28.371" level="FAIL">Element with locator 'id=authUser' not found.</msg>
<status status="FAIL" starttime="20221012 14:48:20.995" endtime="20221012 14:48:29.904"/>
</kw>
<kw name="Input Password" library="SeleniumLibrary">
<arg>css=#clearPass</arg>
<arg>${password}</arg>
<doc>Types the given password into the text field identified by ``locator``.</doc>
<status status="NOT RUN" starttime="20221012 14:48:29.913" endtime="20221012 14:48:29.915"/>
</kw>
<kw name="Select From List By Label" library="SeleniumLibrary">
<arg>name=languageChoice</arg>
<arg>${language}</arg>
<doc>Selects options from selection list ``locator`` by ``labels``.</doc>
<status status="NOT RUN" starttime="20221012 14:48:29.917" endtime="20221012 14:48:29.918"/>
</kw>
<kw name="Click Element" library="SeleniumLibrary">
<arg>id=login-button</arg>
<doc>Click the element identified by ``locator``.</doc>
<status status="NOT RUN" starttime="20221012 14:48:29.922" endtime="20221012 14:48:29.924"/>
</kw>
<kw name="Title Should Be" library="SeleniumLibrary">
<arg>${expected_title}</arg>
<doc>Verifies that the current page title equals ``title``.</doc>
<status status="NOT RUN" starttime="20221012 14:48:29.927" endtime="20221012 14:48:29.929"/>
</kw>
<status status="FAIL" starttime="20221012 14:48:20.989" endtime="20221012 14:48:29.965"/>
</kw>
<kw name="Close Browser" library="SeleniumLibrary" type="TEARDOWN">
<doc>Closes the current browser.</doc>
<status status="PASS" starttime="20221012 14:48:30.013" endtime="20221012 14:48:36.313"/>
</kw>
<status status="FAIL" starttime="20221012 14:48:17.633" endtime="20221012 14:48:36.327">Element with locator 'id=authUser' not found.</status>
</test>
<doc>This suite file handles test cases related to valid
credentials connected with OP_SC_02 and OP_TC_02</doc>
<status status="FAIL" starttime="20221012 14:47:56.950" endtime="20221012 14:48:36.335"/>
</suite>
<statistics>
<total>
<stat pass="0" fail="2" skip="0">All Tests</stat>
</total>
<tag>
</tag>
<suite>
<stat pass="0" fail="2" skip="0" id="s1" name="Verify Valid Credential Suite">Verify Valid Credential Suite</stat>
</suite>
</statistics>
<errors>
</errors>
</robot>
