<?xml version="1.0" encoding="UTF-8"?>
<robot generator="Robot 5.0.1 (Python 3.10.7 on win32)" generated="20221013 16:56:18.765" rpa="false" schemaversion="3">
<suite id="s1" name="Verify Invalid Credential Suite &amp; Verify Valid Credential Suite &amp; Verify Valid Credential Suite Csv &amp; Verify Add Patient Suite">
<suite id="s1-s1" name="Verify Invalid Credential Suite" source="D:\Mine\Company\Ericsson 5\openemr_framework\login_suite\verify_invalid_credential_suite.robot">
<test id="s1-s1-t1" name="TC1" line="14">
<kw name="Launch Browser and Navigate To Openemr" library="CommonFunctionality" type="SETUP">
<kw name="Get Driver Path" library="DriverSetup">
<var>${driver_path}</var>
<arg>${BROWSER_NAME}</arg>
<msg timestamp="20221013 16:56:19.684" level="INFO">====== WebDriver manager ======</msg>
<msg timestamp="20221013 16:56:20.668" level="INFO">Get LATEST chromedriver version for google-chrome 106.0.5249</msg>
<msg timestamp="20221013 16:56:21.747" level="INFO">Driver [C:\Users\Balaji\.wdm\drivers\chromedriver\win32\106.0.5249\chromedriver.exe] found in cache</msg>
<msg timestamp="20221013 16:56:21.748" level="INFO">${driver_path} = C:\Users\Balaji\.wdm\drivers\chromedriver\win32\106.0.5249\chromedriver.exe</msg>
<status status="PASS" starttime="20221013 16:56:19.683" endtime="20221013 16:56:21.748"/>
</kw>
<kw name="Open Browser" library="SeleniumLibrary">
<arg>browser=${BROWSER_NAME}</arg>
<arg>executable_path=${driver_path}</arg>
<doc>Opens a new browser instance to the optional ``url``.</doc>
<msg timestamp="20221013 16:56:21.750" level="INFO">Opening browser 'chrome' to base url 'None'.</msg>
<status status="PASS" starttime="20221013 16:56:21.748" endtime="20221013 16:56:23.738"/>
</kw>
<kw name="Maximize Browser Window" library="SeleniumLibrary">
<doc>Maximizes current browser window.</doc>
<status status="PASS" starttime="20221013 16:56:23.738" endtime="20221013 16:56:24.041"/>
</kw>
<kw name="Set Selenium Implicit Wait" library="SeleniumLibrary">
<arg>0s</arg>
<doc>Sets the implicit wait value used by Selenium.</doc>
<status status="PASS" starttime="20221013 16:56:24.042" endtime="20221013 16:56:24.044"/>
</kw>
<kw name="Set Screenshot Directory" library="SeleniumLibrary">
<arg>${EXECDIR}${/}screenshot</arg>
<doc>Sets the directory for captured screenshots.</doc>
<status status="PASS" starttime="20221013 16:56:24.044" endtime="20221013 16:56:24.045"/>
</kw>
<kw name="Go To" library="SeleniumLibrary">
<arg>url=${URL}</arg>
<doc>Navigates the current browser window to the provided ``url``.</doc>
<msg timestamp="20221013 16:56:24.046" level="INFO">Opening url 'https://demo.openemr.io/b/openemr'</msg>
<msg timestamp="20221013 16:56:27.845" level="WARN">Retrying (Retry(total=2, connect=None, read=None, redirect=None, status=None)) after connection broken by 'NewConnectionError('&lt;urllib3.connection.HTTPConnection object at 0x00000286FF601B40&gt;: Failed to establish a new connection: [WinError 10061] No connection could be made because the target machine actively refused it')': /session/c287bc9fed8572a57f66611717a106dc/screenshot</msg>
<errors>
<msg timestamp="20221013 16:56:27.845" level="WARN">Retrying (Retry(total=2, connect=None, read=None, redirect=None, status=None)) after connection broken by 'NewConnectionError('&lt;urllib3.connection.HTTPConnection object at 0x00000286FF601B40&gt;: Failed to establish a new connection: [WinError 10061] No connection could be made because the target machine actively refused it')': /session/c287bc9fed8572a57f66611717a106dc/screenshot</msg>
<msg timestamp="20221013 16:56:30.403" level="ERROR">Execution stopped by user.</msg>
</errors>
</robot>
