<?xml version="1.0" encoding="UTF-8"?>
<robot generator="Robot 5.0.1 (Python 3.10.7 on win32)" generated="20221012 12:05:55.632" rpa="false" schemaversion="3">
<suite id="s1" name="Verify Valid Credential Suite" source="d:\Mine\Company\Ericsson 5\openemr_framework\login_suite\verify_valid_credential_suite.robot">
<test id="s1-t1" name="TC1" line="13">
<kw name="Launch Browser and Navigate To Openemr" library="CommonFunctionality" type="SETUP">
<kw name="Open Browser" library="SeleniumLibrary">
<arg>browser=chrome</arg>
<arg>executable_path=D:${/}Software${/}chromedriver.exe</arg>
<doc>Opens a new browser instance to the optional ``url``.</doc>
<msg timestamp="20221012 12:05:56.120" level="INFO">Opening browser 'chrome' to base url 'None'.</msg>
<status status="PASS" starttime="20221012 12:05:56.119" endtime="20221012 12:05:58.246"/>
</kw>
<kw name="Maximize Browser Window" library="SeleniumLibrary">
<doc>Maximizes current browser window.</doc>
<status status="PASS" starttime="20221012 12:05:58.247" endtime="20221012 12:05:58.415"/>
</kw>
<kw name="Set Selenium Implicit Wait" library="SeleniumLibrary">
<arg>20s</arg>
<doc>Sets the implicit wait value used by Selenium.</doc>
<status status="PASS" starttime="20221012 12:05:58.417" endtime="20221012 12:05:58.429"/>
</kw>
<kw name="Go To" library="SeleniumLibrary">
<arg>url=https://demo.openemr.io/b/openemr</arg>
<doc>Navigates the current browser window to the provided ``url``.</doc>
<msg timestamp="20221012 12:05:58.432" level="INFO">Opening url 'https://demo.openemr.io/b/openemr'</msg>
<status status="PASS" starttime="20221012 12:05:58.430" endtime="20221012 12:06:01.898"/>
</kw>
<status status="PASS" starttime="20221012 12:05:56.118" endtime="20221012 12:06:01.898"/>
</kw>
<kw name="Verify Valid Credential Template">
<arg>admin</arg>
<arg>pass</arg>
<arg>English (Indian)</arg>
<arg>OpenEMR</arg>
<kw name="Input Text" library="SeleniumLibrary">
<arg>id=authUser</arg>
<arg>${username}</arg>
<doc>Types the given ``text`` into the text field identified by ``locator``.</doc>
<msg timestamp="20221012 12:06:01.902" level="INFO">Typing text 'admin' into text field 'id=authUser'.</msg>
<status status="PASS" starttime="20221012 12:06:01.901" endtime="20221012 12:06:02.067"/>
</kw>
<kw name="Input Password" library="SeleniumLibrary">
<arg>css=#clearPass</arg>
<arg>${password}</arg>
<doc>Types the given password into the text field identified by ``locator``.</doc>
<msg timestamp="20221012 12:06:02.069" level="INFO">Typing password into text field 'css=#clearPass'.</msg>
<msg timestamp="20221012 12:06:02.168" level="INFO">Temporally setting log level to: NONE</msg>
<msg timestamp="20221012 12:06:02.226" level="INFO">Log level changed from NONE to INFO.</msg>
<status status="PASS" starttime="20221012 12:06:02.068" endtime="20221012 12:06:02.227"/>
</kw>
<kw name="Select From List By Label" library="SeleniumLibrary">
<arg>name=languageChoice</arg>
<arg>${language}</arg>
<doc>Selects options from selection list ``locator`` by ``labels``.</doc>
<msg timestamp="20221012 12:06:02.227" level="INFO">Selecting options from selection list 'name=languageChoice' by label English (Indian).</msg>
<status status="PASS" starttime="20221012 12:06:02.227" endtime="20221012 12:06:02.407"/>
</kw>
<kw name="Click Element" library="SeleniumLibrary">
<arg>id=login-button</arg>
<doc>Click the element identified by ``locator``.</doc>
<msg timestamp="20221012 12:06:02.408" level="INFO">Clicking element 'id=login-button'.</msg>
<status status="PASS" starttime="20221012 12:06:02.407" endtime="20221012 12:06:07.850"/>
</kw>
<kw name="Title Should Be" library="SeleniumLibrary">
<arg>${expected_title}</arg>
<doc>Verifies that the current page title equals ``title``.</doc>
<msg timestamp="20221012 12:06:07.859" level="INFO">Page title is 'OpenEMR'.</msg>
<status status="PASS" starttime="20221012 12:06:07.850" endtime="20221012 12:06:07.860"/>
</kw>
<status status="PASS" starttime="20221012 12:06:01.899" endtime="20221012 12:06:07.860"/>
</kw>
<kw name="Close Browser" library="SeleniumLibrary" type="TEARDOWN">
<doc>Closes the current browser.</doc>
<status status="PASS" starttime="20221012 12:06:07.862" endtime="20221012 12:06:11.493"/>
</kw>
<status status="PASS" starttime="20221012 12:05:56.116" endtime="20221012 12:06:11.496"/>
</test>
<test id="s1-t2" name="TC2" line="14">
<kw name="Launch Browser and Navigate To Openemr" library="CommonFunctionality" type="SETUP">
<kw name="Open Browser" library="SeleniumLibrary">
<arg>browser=chrome</arg>
<arg>executable_path=D:${/}Software${/}chromedriver.exe</arg>
<doc>Opens a new browser instance to the optional ``url``.</doc>
<msg timestamp="20221012 12:06:11.501" level="INFO">Opening browser 'chrome' to base url 'None'.</msg>
<status status="PASS" starttime="20221012 12:06:11.500" endtime="20221012 12:06:13.099"/>
</kw>
<kw name="Maximize Browser Window" library="SeleniumLibrary">
<doc>Maximizes current browser window.</doc>
<status status="PASS" starttime="20221012 12:06:13.100" endtime="20221012 12:06:13.264"/>
</kw>
<kw name="Set Selenium Implicit Wait" library="SeleniumLibrary">
<arg>20s</arg>
<doc>Sets the implicit wait value used by Selenium.</doc>
<status status="PASS" starttime="20221012 12:06:13.265" endtime="20221012 12:06:13.272"/>
</kw>
<kw name="Go To" library="SeleniumLibrary">
<arg>url=https://demo.openemr.io/b/openemr</arg>
<doc>Navigates the current browser window to the provided ``url``.</doc>
<msg timestamp="20221012 12:06:13.280" level="INFO">Opening url 'https://demo.openemr.io/b/openemr'</msg>
<status status="PASS" starttime="20221012 12:06:13.274" endtime="20221012 12:06:16.676"/>
</kw>
<status status="PASS" starttime="20221012 12:06:11.500" endtime="20221012 12:06:16.678"/>
</kw>
<kw name="Verify Valid Credential Template">
<arg>physician</arg>
<arg>physician</arg>
<arg>English (Indian)</arg>
<arg>OpenEMR</arg>
<kw name="Input Text" library="SeleniumLibrary">
<arg>id=authUser</arg>
<arg>${username}</arg>
<doc>Types the given ``text`` into the text field identified by ``locator``.</doc>
<msg timestamp="20221012 12:06:16.684" level="INFO">Typing text 'physician' into text field 'id=authUser'.</msg>
<status status="PASS" starttime="20221012 12:06:16.683" endtime="20221012 12:06:16.903"/>
</kw>
<kw name="Input Password" library="SeleniumLibrary">
<arg>css=#clearPass</arg>
<arg>${password}</arg>
<doc>Types the given password into the text field identified by ``locator``.</doc>
<msg timestamp="20221012 12:06:16.904" level="INFO">Typing password into text field 'css=#clearPass'.</msg>
<msg timestamp="20221012 12:06:16.962" level="INFO">Temporally setting log level to: NONE</msg>
<msg timestamp="20221012 12:06:17.034" level="INFO">Log level changed from NONE to INFO.</msg>
<status status="PASS" starttime="20221012 12:06:16.904" endtime="20221012 12:06:17.035"/>
</kw>
<kw name="Select From List By Label" library="SeleniumLibrary">
<arg>name=languageChoice</arg>
<arg>${language}</arg>
<doc>Selects options from selection list ``locator`` by ``labels``.</doc>
<msg timestamp="20221012 12:06:17.036" level="INFO">Selecting options from selection list 'name=languageChoice' by label English (Indian).</msg>
<status status="PASS" starttime="20221012 12:06:17.035" endtime="20221012 12:06:17.239"/>
</kw>
<kw name="Click Element" library="SeleniumLibrary">
<arg>id=login-button</arg>
<doc>Click the element identified by ``locator``.</doc>
<msg timestamp="20221012 12:06:17.239" level="INFO">Clicking element 'id=login-button'.</msg>
<status status="PASS" starttime="20221012 12:06:17.239" endtime="20221012 12:06:22.128"/>
</kw>
<kw name="Title Should Be" library="SeleniumLibrary">
<arg>${expected_title}</arg>
<doc>Verifies that the current page title equals ``title``.</doc>
<msg timestamp="20221012 12:06:22.138" level="INFO">Page title is 'OpenEMR'.</msg>
<status status="PASS" starttime="20221012 12:06:22.128" endtime="20221012 12:06:22.138"/>
</kw>
<status status="PASS" starttime="20221012 12:06:16.681" endtime="20221012 12:06:22.138"/>
</kw>
<kw name="Close Browser" library="SeleniumLibrary" type="TEARDOWN">
<doc>Closes the current browser.</doc>
<status status="PASS" starttime="20221012 12:06:22.139" endtime="20221012 12:06:24.670"/>
</kw>
<status status="PASS" starttime="20221012 12:06:11.499" endtime="20221012 12:06:24.671"/>
</test>
<doc>This suite file handles test cases related to valid
credentials connected with OP_SC_02 and OP_TC_02</doc>
<status status="PASS" starttime="20221012 12:05:55.644" endtime="20221012 12:06:24.677"/>
</suite>
<statistics>
<total>
<stat pass="2" fail="0" skip="0">All Tests</stat>
</total>
<tag>
</tag>
<suite>
<stat pass="2" fail="0" skip="0" id="s1" name="Verify Valid Credential Suite">Verify Valid Credential Suite</stat>
</suite>
</statistics>
<errors>
</errors>
</robot>
