<?xml version="1.0" encoding="UTF-8"?>
<robot generator="Robot 5.0.1 (Python 3.10.7 on win32)" generated="20221012 15:05:30.273" rpa="false" schemaversion="3">
<suite id="s1" name="Verify Invalid Credential Suite" source="d:\Mine\Company\Ericsson 5\openemr_framework\login_suite\verify_invalid_credential_suite.robot">
<test id="s1-t1" name="TC1" line="13">
<kw name="Launch Browser and Navigate To Openemr" library="CommonFunctionality" type="SETUP">
<kw name="Open Browser" library="SeleniumLibrary">
<arg>browser=edge</arg>
<arg>executable_path=D:${/}Software${/}chromedriver.exe</arg>
<doc>Opens a new browser instance to the optional ``url``.</doc>
<msg timestamp="20221012 15:05:30.805" level="INFO">Opening browser 'edge' to base url 'None'.</msg>
<msg timestamp="20221012 15:05:34.485" level="INFO">Cannot capture screenshot because no browser is open.</msg>
<msg timestamp="20221012 15:05:34.490" level="FAIL">SessionNotCreatedException: Message: session not created: No matching capabilities found
Stacktrace:
Backtrace:
	Ordinal0 [0x00731ED3+2236115]
	Ordinal0 [0x006C92F1+1807089]
	Ordinal0 [0x005D66FD+812797]
	Ordinal0 [0x006272BF+1143487]
	Ordinal0 [0x00626A0C+1141260]
	Ordinal0 [0x00627C29+1145897]
	Ordinal0 [0x00627A6A+1145450]
	Ordinal0 [0x006218A6+1120422]
	Ordinal0 [0x005FA73D+960317]
	Ordinal0 [0x005FB71F+964383]
	GetHandleVerifier [0x009DE7E2+2743074]
	GetHandleVerifier [0x009D08D4+2685972]
	GetHandleVerifier [0x007C2BAA+532202]
	GetHandleVerifier [0x007C1990+527568]
	Ordinal0 [0x006D080C+1837068]
	Ordinal0 [0x006D4CD8+1854680]
	Ordinal0 [0x006D4DC5+1854917]
	Ordinal0 [0x006DED64+1895780]
	BaseThreadInitThunk [0x75AAFA29+25]
	RtlGetAppContainerNamedObjectPath [0x77677A9E+286]
	RtlGetAppContainerNamedObjectPath [0x77677A6E+238]
</msg>
<status status="FAIL" starttime="20221012 15:05:30.804" endtime="20221012 15:05:34.538"/>
</kw>
<kw name="Maximize Browser Window" library="SeleniumLibrary">
<doc>Maximizes current browser window.</doc>
<status status="NOT RUN" starttime="20221012 15:05:34.542" endtime="20221012 15:05:34.542"/>
</kw>
<kw name="Set Selenium Implicit Wait" library="SeleniumLibrary">
<arg>0s</arg>
<doc>Sets the implicit wait value used by Selenium.</doc>
<status status="NOT RUN" starttime="20221012 15:05:34.543" endtime="20221012 15:05:34.544"/>
</kw>
<kw name="Set Screenshot Directory" library="SeleniumLibrary">
<arg>${EXECDIR}${/}screenshot</arg>
<doc>Sets the directory for captured screenshots.</doc>
<status status="NOT RUN" starttime="20221012 15:05:34.544" endtime="20221012 15:05:34.544"/>
</kw>
<kw name="Go To" library="SeleniumLibrary">
<arg>url=https://demo.openemr.io/b/openemr</arg>
<doc>Navigates the current browser window to the provided ``url``.</doc>
<status status="NOT RUN" starttime="20221012 15:05:34.544" endtime="20221012 15:05:34.545"/>
</kw>
<status status="FAIL" starttime="20221012 15:05:30.803" endtime="20221012 15:05:34.547"/>
</kw>
<kw name="Close Browser" library="SeleniumLibrary" type="TEARDOWN">
<doc>Closes the current browser.</doc>
<status status="PASS" starttime="20221012 15:05:34.550" endtime="20221012 15:05:34.551"/>
</kw>
<status status="FAIL" starttime="20221012 15:05:30.802" endtime="20221012 15:05:34.552">Setup failed:
SessionNotCreatedException: Message: session not created: No matching capabilities found
Stacktrace:
Backtrace:
	Ordinal0 [0x00731ED3+2236115]
	Ordinal0 [0x006C92F1+1807089]
	Ordinal0 [0x005D66FD+812797]
	Ordinal0 [0x006272BF+1143487]
	Ordinal0 [0x00626A0C+1141260]
	Ordinal0 [0x00627C29+1145897]
	Ordinal0 [0x00627A6A+1145450]
	Ordinal0 [0x006218A6+1120422]
	Ordinal0 [0x005FA73D+960317]
	Ordinal0 [0x005FB71F+964383]
	GetHandleVerifier [0x009DE7E2+2743074]
	GetHandleVerifier [0x009D08D4+2685972]
	GetHandleVerifier [0x007C2BAA+532202]
	GetHandleVerifier [0x007C1990+527568]
	Ordinal0 [0x006D080C+1837068]
	Ordinal0 [0x006D4CD8+1854680]
	Ordinal0 [0x006D4DC5+1854917]
	Ordinal0 [0x006DED64+1895780]
	BaseThreadInitThunk [0x75AAFA29+25]
	RtlGetAppContainerNamedObjectPath [0x77677A9E+286]
	RtlGetAppContainerNamedObjectPath [0x77677A6E+238]
</status>
</test>
<doc>This suite file handles test cases related to valid
credentials connected with OP_SC_02 and OP_TC_07</doc>
<status status="FAIL" starttime="20221012 15:05:30.300" endtime="20221012 15:05:34.570"/>
</suite>
<statistics>
<total>
<stat pass="0" fail="1" skip="0">All Tests</stat>
</total>
<tag>
</tag>
<suite>
<stat pass="0" fail="1" skip="0" id="s1" name="Verify Invalid Credential Suite">Verify Invalid Credential Suite</stat>
</suite>
</statistics>
<errors>
</errors>
</robot>
