<?xml version="1.0" encoding="UTF-8"?>
<robot generator="Robot 5.0.1 (Python 3.10.7 on win32)" generated="20221012 13:02:38.047" rpa="false" schemaversion="3">
<suite id="s1" name="Verify Invalid Credential Suite" source="d:\Mine\Company\Ericsson 5\openemr_framework\login_suite\verify_invalid_credential_suite.robot">
<test id="s1-t1" name="TC1" line="13">
<kw name="Launch Browser and Navigate To Openemr" library="CommonFunctionality" type="SETUP">
<kw name="Open Browser" library="SeleniumLibrary">
<arg>browser=chrome</arg>
<arg>executable_path=D:${/}Software${/}chromedriver.exe</arg>
<doc>Opens a new browser instance to the optional ``url``.</doc>
<msg timestamp="20221012 13:02:38.887" level="INFO">Opening browser 'chrome' to base url 'None'.</msg>
<status status="PASS" starttime="20221012 13:02:38.883" endtime="20221012 13:02:42.326"/>
</kw>
<kw name="Maximize Browser Window" library="SeleniumLibrary">
<doc>Maximizes current browser window.</doc>
<status status="PASS" starttime="20221012 13:02:42.326" endtime="20221012 13:02:42.551"/>
</kw>
<kw name="Set Selenium Implicit Wait" library="SeleniumLibrary">
<arg>20s</arg>
<doc>Sets the implicit wait value used by Selenium.</doc>
<status status="PASS" starttime="20221012 13:02:42.553" endtime="20221012 13:02:42.570"/>
</kw>
<kw name="Go To" library="SeleniumLibrary">
<arg>url=https://demo.openemr.io/b/openemr</arg>
<doc>Navigates the current browser window to the provided ``url``.</doc>
<msg timestamp="20221012 13:02:42.574" level="INFO">Opening url 'https://demo.openemr.io/b/openemr'</msg>
<status status="PASS" starttime="20221012 13:02:42.572" endtime="20221012 13:02:45.732"/>
</kw>
<status status="PASS" starttime="20221012 13:02:38.882" endtime="20221012 13:02:45.733"/>
</kw>
<kw name="Verify Invalid Credential Template">
<arg>john</arg>
<arg>john12</arg>
<arg>English (Indian)</arg>
<arg>Invalid username or password</arg>
<kw name="Input Text" library="SeleniumLibrary">
<arg>id=authUser</arg>
<arg>${username}</arg>
<doc>Types the given ``text`` into the text field identified by ``locator``.</doc>
<msg timestamp="20221012 13:02:45.737" level="INFO">Typing text 'john12' into text field 'id=authUser'.</msg>
<status status="PASS" starttime="20221012 13:02:45.736" endtime="20221012 13:02:46.058"/>
</kw>
<kw name="Input Password" library="SeleniumLibrary">
<arg>css=#clearPass</arg>
<arg>${username}</arg>
<doc>Types the given password into the text field identified by ``locator``.</doc>
<msg timestamp="20221012 13:02:46.060" level="INFO">Typing password into text field 'css=#clearPass'.</msg>
<msg timestamp="20221012 13:02:46.141" level="INFO">Temporally setting log level to: NONE</msg>
<msg timestamp="20221012 13:02:46.290" level="INFO">Log level changed from NONE to INFO.</msg>
<status status="PASS" starttime="20221012 13:02:46.059" endtime="20221012 13:02:46.291"/>
</kw>
<kw name="Select From List By Label" library="SeleniumLibrary">
<arg>name=languageChoice</arg>
<arg>${language}</arg>
<doc>Selects options from selection list ``locator`` by ``labels``.</doc>
<msg timestamp="20221012 13:02:46.292" level="INFO">Selecting options from selection list 'name=languageChoice' by label English (Indian).</msg>
<status status="PASS" starttime="20221012 13:02:46.291" endtime="20221012 13:02:46.586"/>
</kw>
<kw name="Click Element" library="SeleniumLibrary">
<arg>id=login-button</arg>
<doc>Click the element identified by ``locator``.</doc>
<msg timestamp="20221012 13:02:46.587" level="INFO">Clicking element 'id=login-button'.</msg>
<status status="PASS" starttime="20221012 13:02:46.586" endtime="20221012 13:02:48.680"/>
</kw>
<kw name="Element Should Contain" library="SeleniumLibrary">
<arg>xpath=//div[contains(text(),'Invalid')]</arg>
<arg>${expected_error}</arg>
<doc>Verifies that element ``locator`` contains text ``expected``.</doc>
<msg timestamp="20221012 13:02:48.811" level="INFO">Element 'xpath=//div[contains(text(),'Invalid')]' contains text 'Invalid username or password'.</msg>
<status status="PASS" starttime="20221012 13:02:48.681" endtime="20221012 13:02:48.811"/>
</kw>
<status status="PASS" starttime="20221012 13:02:45.734" endtime="20221012 13:02:48.812"/>
</kw>
<kw name="Close Browser" library="SeleniumLibrary" type="TEARDOWN">
<doc>Closes the current browser.</doc>
<status status="PASS" starttime="20221012 13:02:48.821" endtime="20221012 13:02:51.580"/>
</kw>
<status status="PASS" starttime="20221012 13:02:38.878" endtime="20221012 13:02:51.585"/>
</test>
<test id="s1-t2" name="TC2" line="14">
<kw name="Launch Browser and Navigate To Openemr" library="CommonFunctionality" type="SETUP">
<kw name="Open Browser" library="SeleniumLibrary">
<arg>browser=chrome</arg>
<arg>executable_path=D:${/}Software${/}chromedriver.exe</arg>
<doc>Opens a new browser instance to the optional ``url``.</doc>
<msg timestamp="20221012 13:02:51.591" level="INFO">Opening browser 'chrome' to base url 'None'.</msg>
<status status="PASS" starttime="20221012 13:02:51.590" endtime="20221012 13:02:53.507"/>
</kw>
<kw name="Maximize Browser Window" library="SeleniumLibrary">
<doc>Maximizes current browser window.</doc>
<status status="PASS" starttime="20221012 13:02:53.508" endtime="20221012 13:02:53.802"/>
</kw>
<kw name="Set Selenium Implicit Wait" library="SeleniumLibrary">
<arg>20s</arg>
<doc>Sets the implicit wait value used by Selenium.</doc>
<status status="PASS" starttime="20221012 13:02:53.803" endtime="20221012 13:02:53.806"/>
</kw>
<kw name="Go To" library="SeleniumLibrary">
<arg>url=https://demo.openemr.io/b/openemr</arg>
<doc>Navigates the current browser window to the provided ``url``.</doc>
<msg timestamp="20221012 13:02:53.807" level="INFO">Opening url 'https://demo.openemr.io/b/openemr'</msg>
<status status="PASS" starttime="20221012 13:02:53.807" endtime="20221012 13:02:57.148"/>
</kw>
<status status="PASS" starttime="20221012 13:02:51.590" endtime="20221012 13:02:57.149"/>
</kw>
<kw name="Verify Invalid Credential Template">
<arg>peter</arg>
<arg>peter123</arg>
<arg>Danish</arg>
<arg>Invalid username or password</arg>
<kw name="Input Text" library="SeleniumLibrary">
<arg>id=authUser</arg>
<arg>${username}</arg>
<doc>Types the given ``text`` into the text field identified by ``locator``.</doc>
<msg timestamp="20221012 13:02:57.159" level="INFO">Typing text 'peter123' into text field 'id=authUser'.</msg>
<status status="PASS" starttime="20221012 13:02:57.157" endtime="20221012 13:02:57.525"/>
</kw>
<kw name="Input Password" library="SeleniumLibrary">
<arg>css=#clearPass</arg>
<arg>${username}</arg>
<doc>Types the given password into the text field identified by ``locator``.</doc>
<msg timestamp="20221012 13:02:57.527" level="INFO">Typing password into text field 'css=#clearPass'.</msg>
<msg timestamp="20221012 13:02:57.623" level="INFO">Temporally setting log level to: NONE</msg>
<msg timestamp="20221012 13:02:57.873" level="INFO">Log level changed from NONE to INFO.</msg>
<status status="PASS" starttime="20221012 13:02:57.526" endtime="20221012 13:02:57.873"/>
</kw>
<kw name="Select From List By Label" library="SeleniumLibrary">
<arg>name=languageChoice</arg>
<arg>${language}</arg>
<doc>Selects options from selection list ``locator`` by ``labels``.</doc>
<msg timestamp="20221012 13:02:57.875" level="INFO">Selecting options from selection list 'name=languageChoice' by label Danish.</msg>
<status status="PASS" starttime="20221012 13:02:57.874" endtime="20221012 13:02:58.108"/>
</kw>
<kw name="Click Element" library="SeleniumLibrary">
<arg>id=login-button</arg>
<doc>Click the element identified by ``locator``.</doc>
<msg timestamp="20221012 13:02:58.110" level="INFO">Clicking element 'id=login-button'.</msg>
<status status="PASS" starttime="20221012 13:02:58.109" endtime="20221012 13:03:00.126"/>
</kw>
<kw name="Element Should Contain" library="SeleniumLibrary">
<arg>xpath=//div[contains(text(),'Invalid')]</arg>
<arg>${expected_error}</arg>
<doc>Verifies that element ``locator`` contains text ``expected``.</doc>
<msg timestamp="20221012 13:03:00.251" level="INFO">Element 'xpath=//div[contains(text(),'Invalid')]' contains text 'Invalid username or password'.</msg>
<status status="PASS" starttime="20221012 13:03:00.126" endtime="20221012 13:03:00.252"/>
</kw>
<status status="PASS" starttime="20221012 13:02:57.156" endtime="20221012 13:03:00.254"/>
</kw>
<kw name="Close Browser" library="SeleniumLibrary" type="TEARDOWN">
<doc>Closes the current browser.</doc>
<status status="PASS" starttime="20221012 13:03:00.259" endtime="20221012 13:03:03.326"/>
</kw>
<status status="PASS" starttime="20221012 13:02:51.589" endtime="20221012 13:03:03.350"/>
</test>
<doc>This suite file handles test cases related to valid
credentials connected with OP_SC_02 and OP_TC_07</doc>
<status status="PASS" starttime="20221012 13:02:38.061" endtime="20221012 13:03:03.415"/>
</suite>
<statistics>
<total>
<stat pass="2" fail="0" skip="0">All Tests</stat>
</total>
<tag>
</tag>
<suite>
<stat pass="2" fail="0" skip="0" id="s1" name="Verify Invalid Credential Suite">Verify Invalid Credential Suite</stat>
</suite>
</statistics>
<errors>
</errors>
</robot>
